<?xml version="1.0" encoding="UTF-8"?>
<!-- Generated by org.testng.reporters.JUnitReportReporter -->
<testsuite hostname="leomahesh-PC" name="SeleniumSingletoneConcept.PageTestClass_TestNg" tests="1" failures="0" timestamp="9 Apr 2019 12:58:07 GMT" time="12.117" errors="0">
  <testcase name="test1" time="12.117" classname="SeleniumSingletoneConcept.PageTestClass_TestNg"/>
</testsuite> <!-- SeleniumSingletoneConcept.PageTestClass_TestNg -->
